build/app/intermediates/manifest_merge_blame_file/debug/manifest-merger-blame-debug-report.txt
1<?xml version="1.0" encoding="utf-8"?>
2<manifest xmlns:android="http://schemas.android.com/apk/res/android"
3    package="com.example.devloper_app"
4    android:versionCode="1"
5    android:versionName="1.0.0" >
6
7    <uses-sdk
8        android:minSdkVersion="21"
9        android:targetSdkVersion="35" />
10    <!--
11         The INTERNET permission is required for development. Specifically,
12         the Flutter tool needs it to communicate with the running application
13         to allow setting breakpoints, to provide hot reload, etc.
14    -->
15    <uses-permission android:name="android.permission.INTERNET" />
15-->src\debug\AndroidManifest.xml:6:5-66
15-->src\debug\AndroidManifest.xml:6:22-64
16    <!--
17     Required to query activities that can process text, see:
18         https://developer.android.com/training/package-visibility and
19         https://developer.android.com/reference/android/content/Intent#ACTION_PROCESS_TEXT.
20
21         In particular, this is used by the Flutter engine in io.flutter.plugin.text.ProcessTextPlugin.
22    -->
23    <queries>
23-->src\main\AndroidManifest.xml:39:5-44:15
24        <intent>
24-->src\main\AndroidManifest.xml:40:9-43:18
25            <action android:name="android.intent.action.PROCESS_TEXT" />
25-->src\main\AndroidManifest.xml:41:13-72
25-->src\main\AndroidManifest.xml:41:21-70
26
27            <data android:mimeType="text/plain" />
27-->src\main\AndroidManifest.xml:42:13-50
27-->src\main\AndroidManifest.xml:42:19-48
28        </intent>
29        <intent>
29-->[:file_picker] AndroidManifest.xml:10:9-14:18
30            <action android:name="android.intent.action.GET_CONTENT" />
30-->[:file_picker] AndroidManifest.xml:11:13-72
30-->[:file_picker] AndroidManifest.xml:11:21-69
31
32            <data android:mimeType="*/*" />
32-->src\main\AndroidManifest.xml:42:13-50
32-->src\main\AndroidManifest.xml:42:19-48
33        </intent>
34    </queries>
35
36    <uses-permission android:name="android.permission.ACCESS_NETWORK_STATE" />
36-->[:connectivity_plus] AndroidManifest.xml:9:5-79
36-->[:connectivity_plus] AndroidManifest.xml:9:22-76
37    <uses-permission android:name="android.permission.ACCESS_WIFI_STATE" />
37-->[:network_info_plus] AndroidManifest.xml:10:5-76
37-->[:network_info_plus] AndroidManifest.xml:10:22-73
38
39    <permission
39-->[androidx.core:core:1.13.1] AndroidManifest.xml:22:5-24:47
40        android:name="com.example.devloper_app.DYNAMIC_RECEIVER_NOT_EXPORTED_PERMISSION"
40-->[androidx.core:core:1.13.1] AndroidManifest.xml:23:9-81
41        android:protectionLevel="signature" />
41-->[androidx.core:core:1.13.1] AndroidManifest.xml:24:9-44
42
43    <uses-permission android:name="com.example.devloper_app.DYNAMIC_RECEIVER_NOT_EXPORTED_PERMISSION" />
43-->[androidx.core:core:1.13.1] AndroidManifest.xml:26:5-97
43-->[androidx.core:core:1.13.1] AndroidManifest.xml:26:22-94
44
45    <application
46        android:name="android.app.Application"
47        android:appComponentFactory="androidx.core.app.CoreComponentFactory"
47-->[androidx.core:core:1.13.1] AndroidManifest.xml:28:18-86
48        android:debuggable="true"
49        android:icon="@mipmap/ic_launcher"
50        android:label="devloper_app" >
51        <activity
52            android:name="com.example.devloper_app.MainActivity"
53            android:configChanges="orientation|keyboardHidden|keyboard|screenSize|smallestScreenSize|locale|layoutDirection|fontScale|screenLayout|density|uiMode"
54            android:exported="true"
55            android:hardwareAccelerated="true"
56            android:launchMode="singleTop"
57            android:taskAffinity=""
58            android:theme="@style/LaunchTheme"
59            android:windowSoftInputMode="adjustResize" >
60
61            <!--
62                 Specifies an Android theme to apply to this Activity as soon as
63                 the Android process has started. This theme is visible to the user
64                 while the Flutter UI initializes. After that, this theme continues
65                 to determine the Window background behind the Flutter UI.
66            -->
67            <meta-data
68                android:name="io.flutter.embedding.android.NormalTheme"
69                android:resource="@style/NormalTheme" />
70
71            <intent-filter>
72                <action android:name="android.intent.action.MAIN" />
73
74                <category android:name="android.intent.category.LAUNCHER" />
75            </intent-filter>
76        </activity>
77        <!--
78             Don't delete the meta-data below.
79             This is used by the Flutter tool to generate GeneratedPluginRegistrant.java
80        -->
81        <meta-data
82            android:name="flutterEmbedding"
83            android:value="2" />
84
85        <provider
85-->[:printing] AndroidManifest.xml:10:9-18:20
86            android:name="net.nfet.flutter.printing.PrintFileProvider"
86-->[:printing] AndroidManifest.xml:11:13-71
87            android:authorities="com.example.devloper_app.flutter.printing"
87-->[:printing] AndroidManifest.xml:12:13-68
88            android:exported="false"
88-->[:printing] AndroidManifest.xml:13:13-37
89            android:grantUriPermissions="true" >
89-->[:printing] AndroidManifest.xml:14:13-47
90            <meta-data
90-->[:printing] AndroidManifest.xml:15:13-17:71
91                android:name="android.support.FILE_PROVIDER_PATHS"
91-->[:printing] AndroidManifest.xml:16:17-67
92                android:resource="@xml/flutter_printing_file_paths" />
92-->[:printing] AndroidManifest.xml:17:17-68
93        </provider>
94
95        <activity
95-->[:url_launcher_android] AndroidManifest.xml:10:9-13:74
96            android:name="io.flutter.plugins.urllauncher.WebViewActivity"
96-->[:url_launcher_android] AndroidManifest.xml:11:13-74
97            android:exported="false"
97-->[:url_launcher_android] AndroidManifest.xml:12:13-37
98            android:theme="@android:style/Theme.NoTitleBar.Fullscreen" />
98-->[:url_launcher_android] AndroidManifest.xml:13:13-71
99
100        <uses-library
100-->[androidx.window:window:1.2.0] AndroidManifest.xml:23:9-25:40
101            android:name="androidx.window.extensions"
101-->[androidx.window:window:1.2.0] AndroidManifest.xml:24:13-54
102            android:required="false" />
102-->[androidx.window:window:1.2.0] AndroidManifest.xml:25:13-37
103        <uses-library
103-->[androidx.window:window:1.2.0] AndroidManifest.xml:26:9-28:40
104            android:name="androidx.window.sidecar"
104-->[androidx.window:window:1.2.0] AndroidManifest.xml:27:13-51
105            android:required="false" />
105-->[androidx.window:window:1.2.0] AndroidManifest.xml:28:13-37
106
107        <provider
107-->[androidx.lifecycle:lifecycle-process:2.7.0] AndroidManifest.xml:24:9-32:20
108            android:name="androidx.startup.InitializationProvider"
108-->[androidx.lifecycle:lifecycle-process:2.7.0] AndroidManifest.xml:25:13-67
109            android:authorities="com.example.devloper_app.androidx-startup"
109-->[androidx.lifecycle:lifecycle-process:2.7.0] AndroidManifest.xml:26:13-68
110            android:exported="false" >
110-->[androidx.lifecycle:lifecycle-process:2.7.0] AndroidManifest.xml:27:13-37
111            <meta-data
111-->[androidx.lifecycle:lifecycle-process:2.7.0] AndroidManifest.xml:29:13-31:52
112                android:name="androidx.lifecycle.ProcessLifecycleInitializer"
112-->[androidx.lifecycle:lifecycle-process:2.7.0] AndroidManifest.xml:30:17-78
113                android:value="androidx.startup" />
113-->[androidx.lifecycle:lifecycle-process:2.7.0] AndroidManifest.xml:31:17-49
114            <meta-data
114-->[androidx.profileinstaller:profileinstaller:1.3.1] AndroidManifest.xml:29:13-31:52
115                android:name="androidx.profileinstaller.ProfileInstallerInitializer"
115-->[androidx.profileinstaller:profileinstaller:1.3.1] AndroidManifest.xml:30:17-85
116                android:value="androidx.startup" />
116-->[androidx.profileinstaller:profileinstaller:1.3.1] AndroidManifest.xml:31:17-49
117        </provider>
118
119        <receiver
119-->[androidx.profileinstaller:profileinstaller:1.3.1] AndroidManifest.xml:34:9-52:20
120            android:name="androidx.profileinstaller.ProfileInstallReceiver"
120-->[androidx.profileinstaller:profileinstaller:1.3.1] AndroidManifest.xml:35:13-76
121            android:directBootAware="false"
121-->[androidx.profileinstaller:profileinstaller:1.3.1] AndroidManifest.xml:36:13-44
122            android:enabled="true"
122-->[androidx.profileinstaller:profileinstaller:1.3.1] AndroidManifest.xml:37:13-35
123            android:exported="true"
123-->[androidx.profileinstaller:profileinstaller:1.3.1] AndroidManifest.xml:38:13-36
124            android:permission="android.permission.DUMP" >
124-->[androidx.profileinstaller:profileinstaller:1.3.1] AndroidManifest.xml:39:13-57
125            <intent-filter>
125-->[androidx.profileinstaller:profileinstaller:1.3.1] AndroidManifest.xml:40:13-42:29
126                <action android:name="androidx.profileinstaller.action.INSTALL_PROFILE" />
126-->[androidx.profileinstaller:profileinstaller:1.3.1] AndroidManifest.xml:41:17-91
126-->[androidx.profileinstaller:profileinstaller:1.3.1] AndroidManifest.xml:41:25-88
127            </intent-filter>
128            <intent-filter>
128-->[androidx.profileinstaller:profileinstaller:1.3.1] AndroidManifest.xml:43:13-45:29
129                <action android:name="androidx.profileinstaller.action.SKIP_FILE" />
129-->[androidx.profileinstaller:profileinstaller:1.3.1] AndroidManifest.xml:44:17-85
129-->[androidx.profileinstaller:profileinstaller:1.3.1] AndroidManifest.xml:44:25-82
130            </intent-filter>
131            <intent-filter>
131-->[androidx.profileinstaller:profileinstaller:1.3.1] AndroidManifest.xml:46:13-48:29
132                <action android:name="androidx.profileinstaller.action.SAVE_PROFILE" />
132-->[androidx.profileinstaller:profileinstaller:1.3.1] AndroidManifest.xml:47:17-88
132-->[androidx.profileinstaller:profileinstaller:1.3.1] AndroidManifest.xml:47:25-85
133            </intent-filter>
134            <intent-filter>
134-->[androidx.profileinstaller:profileinstaller:1.3.1] AndroidManifest.xml:49:13-51:29
135                <action android:name="androidx.profileinstaller.action.BENCHMARK_OPERATION" />
135-->[androidx.profileinstaller:profileinstaller:1.3.1] AndroidManifest.xml:50:17-95
135-->[androidx.profileinstaller:profileinstaller:1.3.1] AndroidManifest.xml:50:25-92
136            </intent-filter>
137        </receiver>
138    </application>
139
140</manifest>